<?xml version="1.0" encoding="UTF-8" standalone="no"?>
<!DOCTYPE log SYSTEM "logger.dtd">
<log>
<record>
  <date>2017-07-10T11:21:02</date>
  <millis>1499665862994</millis>
  <sequence>0</sequence>
  <logger>Main.class</logger>
  <level>INFO</level>
  <class>Main</class>
  <method>download_file</method>
  <thread>1</thread>
  <message>201704.mbox already exists</message>
</record>
<record>
  <date>2017-07-10T11:21:03</date>
  <millis>1499665863671</millis>
  <sequence>1</sequence>
  <logger>Main.class</logger>
  <level>INFO</level>
  <class>Main</class>
  <method>download_file</method>
  <thread>1</thread>
  <message>201509.mbox already exists</message>
</record>
<record>
  <date>2017-07-10T11:21:04</date>
  <millis>1499665864359</millis>
  <sequence>2</sequence>
  <logger>Main.class</logger>
  <level>INFO</level>
  <class>Main</class>
  <method>download_file</method>
  <thread>1</thread>
  <message>201508.mbox already exists</message>
</record>
<record>
  <date>2017-07-10T11:21:04</date>
  <millis>1499665864989</millis>
  <sequence>3</sequence>
  <logger>Main.class</logger>
  <level>INFO</level>
  <class>Main</class>
  <method>download_file</method>
  <thread>1</thread>
  <message>201507.mbox already exists</message>
</record>
<record>
  <date>2017-07-10T11:21:05</date>
  <millis>1499665865612</millis>
  <sequence>4</sequence>
  <logger>Main.class</logger>
  <level>INFO</level>
  <class>Main</class>
  <method>download_file</method>
  <thread>1</thread>
  <message>201506.mbox already exists</message>
</record>
<record>
  <date>2017-07-10T11:21:06</date>
  <millis>1499665866240</millis>
  <sequence>5</sequence>
  <logger>Main.class</logger>
  <level>INFO</level>
  <class>Main</class>
  <method>download_file</method>
  <thread>1</thread>
  <message>201505.mbox already exists</message>
</record>
<record>
  <date>2017-07-10T11:21:06</date>
  <millis>1499665866821</millis>
  <sequence>6</sequence>
  <logger>Main.class</logger>
  <level>INFO</level>
  <class>Main</class>
  <method>download_file</method>
  <thread>1</thread>
  <message>201407.mbox already exists</message>
</record>
<record>
  <date>2017-07-10T11:21:07</date>
  <millis>1499665867418</millis>
  <sequence>7</sequence>
  <logger>Main.class</logger>
  <level>INFO</level>
  <class>Main</class>
  <method>download_file</method>
  <thread>1</thread>
  <message>201406.mbox already exists</message>
</record>
<record>
  <date>2017-07-10T11:21:08</date>
  <millis>1499665868004</millis>
  <sequence>8</sequence>
  <logger>Main.class</logger>
  <level>INFO</level>
  <class>Main</class>
  <method>download_file</method>
  <thread>1</thread>
  <message>201306.mbox already exists</message>
</record>
<record>
  <date>2017-07-10T11:21:08</date>
  <millis>1499665868586</millis>
  <sequence>9</sequence>
  <logger>Main.class</logger>
  <level>INFO</level>
  <class>Main</class>
  <method>download_file</method>
  <thread>1</thread>
  <message>201303.mbox already exists</message>
</record>
<record>
  <date>2017-07-10T11:21:09</date>
  <millis>1499665869201</millis>
  <sequence>10</sequence>
  <logger>Main.class</logger>
  <level>INFO</level>
  <class>Main</class>
  <method>download_file</method>
  <thread>1</thread>
  <message>201302.mbox already exists</message>
</record>
<record>
  <date>2017-07-10T11:21:09</date>
  <millis>1499665869794</millis>
  <sequence>11</sequence>
  <logger>Main.class</logger>
  <level>INFO</level>
  <class>Main</class>
  <method>download_file</method>
  <thread>1</thread>
  <message>201301.mbox already exists</message>
</record>
<record>
  <date>2017-07-10T11:21:10</date>
  <millis>1499665870396</millis>
  <sequence>12</sequence>
  <logger>Main.class</logger>
  <level>INFO</level>
  <class>Main</class>
  <method>download_file</method>
  <thread>1</thread>
  <message>201212.mbox already exists</message>
</record>
<record>
  <date>2017-07-10T11:21:10</date>
  <millis>1499665870998</millis>
  <sequence>13</sequence>
  <logger>Main.class</logger>
  <level>INFO</level>
  <class>Main</class>
  <method>download_file</method>
  <thread>1</thread>
  <message>201211.mbox already exists</message>
</record>
<record>
  <date>2017-07-10T11:21:11</date>
  <millis>1499665871594</millis>
  <sequence>14</sequence>
  <logger>Main.class</logger>
  <level>INFO</level>
  <class>Main</class>
  <method>download_file</method>
  <thread>1</thread>
  <message>201208.mbox already exists</message>
</record>
<record>
  <date>2017-07-10T11:21:12</date>
  <millis>1499665872193</millis>
  <sequence>15</sequence>
  <logger>Main.class</logger>
  <level>INFO</level>
  <class>Main</class>
  <method>download_file</method>
  <thread>1</thread>
  <message>201203.mbox already exists</message>
</record>
<record>
  <date>2017-07-10T11:21:12</date>
  <millis>1499665872794</millis>
  <sequence>16</sequence>
  <logger>Main.class</logger>
  <level>INFO</level>
  <class>Main</class>
  <method>download_file</method>
  <thread>1</thread>
  <message>201202.mbox already exists</message>
</record>
<record>
  <date>2017-07-10T11:21:13</date>
  <millis>1499665873409</millis>
  <sequence>17</sequence>
  <logger>Main.class</logger>
  <level>INFO</level>
  <class>Main</class>
  <method>download_file</method>
  <thread>1</thread>
  <message>201201.mbox already exists</message>
</record>
<record>
  <date>2017-07-10T11:21:14</date>
  <millis>1499665874021</millis>
  <sequence>18</sequence>
  <logger>Main.class</logger>
  <level>INFO</level>
  <class>Main</class>
  <method>download_file</method>
  <thread>1</thread>
  <message>201112.mbox already exists</message>
</record>
<record>
  <date>2017-07-10T11:21:14</date>
  <millis>1499665874617</millis>
  <sequence>19</sequence>
  <logger>Main.class</logger>
  <level>INFO</level>
  <class>Main</class>
  <method>download_file</method>
  <thread>1</thread>
  <message>201111.mbox already exists</message>
</record>
<record>
  <date>2017-07-10T11:21:15</date>
  <millis>1499665875250</millis>
  <sequence>20</sequence>
  <logger>Main.class</logger>
  <level>INFO</level>
  <class>Main</class>
  <method>download_file</method>
  <thread>1</thread>
  <message>201110.mbox already exists</message>
</record>
<record>
  <date>2017-07-10T11:21:15</date>
  <millis>1499665875845</millis>
  <sequence>21</sequence>
  <logger>Main.class</logger>
  <level>INFO</level>
  <class>Main</class>
  <method>download_file</method>
  <thread>1</thread>
  <message>201109.mbox already exists</message>
</record>
<record>
  <date>2017-07-10T11:21:16</date>
  <millis>1499665876442</millis>
  <sequence>22</sequence>
  <logger>Main.class</logger>
  <level>INFO</level>
  <class>Main</class>
  <method>download_file</method>
  <thread>1</thread>
  <message>201106.mbox already exists</message>
</record>
<record>
  <date>2017-07-10T11:21:17</date>
  <millis>1499665877052</millis>
  <sequence>23</sequence>
  <logger>Main.class</logger>
  <level>INFO</level>
  <class>Main</class>
  <method>download_file</method>
  <thread>1</thread>
  <message>201105.mbox already exists</message>
</record>
<record>
  <date>2017-07-10T11:21:17</date>
  <millis>1499665877645</millis>
  <sequence>24</sequence>
  <logger>Main.class</logger>
  <level>INFO</level>
  <class>Main</class>
  <method>download_file</method>
  <thread>1</thread>
  <message>201102.mbox already exists</message>
</record>
<record>
  <date>2017-07-10T11:21:18</date>
  <millis>1499665878257</millis>
  <sequence>25</sequence>
  <logger>Main.class</logger>
  <level>INFO</level>
  <class>Main</class>
  <method>download_file</method>
  <thread>1</thread>
  <message>201101.mbox already exists</message>
</record>
<record>
  <date>2017-07-10T11:21:18</date>
  <millis>1499665878835</millis>
  <sequence>26</sequence>
  <logger>Main.class</logger>
  <level>INFO</level>
  <class>Main</class>
  <method>download_file</method>
  <thread>1</thread>
  <message>201012.mbox already exists</message>
</record>
<record>
  <date>2017-07-10T11:21:19</date>
  <millis>1499665879442</millis>
  <sequence>27</sequence>
  <logger>Main.class</logger>
  <level>INFO</level>
  <class>Main</class>
  <method>download_file</method>
  <thread>1</thread>
  <message>201011.mbox already exists</message>
</record>
<record>
  <date>2017-07-10T11:21:20</date>
  <millis>1499665880047</millis>
  <sequence>28</sequence>
  <logger>Main.class</logger>
  <level>INFO</level>
  <class>Main</class>
  <method>download_file</method>
  <thread>1</thread>
  <message>201010.mbox already exists</message>
</record>
<record>
  <date>2017-07-10T11:21:20</date>
  <millis>1499665880644</millis>
  <sequence>29</sequence>
  <logger>Main.class</logger>
  <level>INFO</level>
  <class>Main</class>
  <method>download_file</method>
  <thread>1</thread>
  <message>201007.mbox already exists</message>
</record>
<record>
  <date>2017-07-10T11:21:21</date>
  <millis>1499665881232</millis>
  <sequence>30</sequence>
  <logger>Main.class</logger>
  <level>INFO</level>
  <class>Main</class>
  <method>download_file</method>
  <thread>1</thread>
  <message>201006.mbox already exists</message>
</record>
<record>
  <date>2017-07-10T11:21:21</date>
  <millis>1499665881809</millis>
  <sequence>31</sequence>
  <logger>Main.class</logger>
  <level>INFO</level>
  <class>Main</class>
  <method>download_file</method>
  <thread>1</thread>
  <message>201005.mbox already exists</message>
</record>
<record>
  <date>2017-07-10T11:21:22</date>
  <millis>1499665882429</millis>
  <sequence>32</sequence>
  <logger>Main.class</logger>
  <level>INFO</level>
  <class>Main</class>
  <method>download_file</method>
  <thread>1</thread>
  <message>201004.mbox already exists</message>
</record>
<record>
  <date>2017-07-10T11:21:23</date>
  <millis>1499665883030</millis>
  <sequence>33</sequence>
  <logger>Main.class</logger>
  <level>INFO</level>
  <class>Main</class>
  <method>download_file</method>
  <thread>1</thread>
  <message>201002.mbox already exists</message>
</record>
<record>
  <date>2017-07-10T11:21:23</date>
  <millis>1499665883649</millis>
  <sequence>34</sequence>
  <logger>Main.class</logger>
  <level>INFO</level>
  <class>Main</class>
  <method>download_file</method>
  <thread>1</thread>
  <message>200906.mbox already exists</message>
</record>
<record>
  <date>2017-07-10T11:21:24</date>
  <millis>1499665884283</millis>
  <sequence>35</sequence>
  <logger>Main.class</logger>
  <level>INFO</level>
  <class>Main</class>
  <method>download_file</method>
  <thread>1</thread>
  <message>200905.mbox already exists</message>
</record>
<record>
  <date>2017-07-10T11:21:24</date>
  <millis>1499665884910</millis>
  <sequence>36</sequence>
  <logger>Main.class</logger>
  <level>INFO</level>
  <class>Main</class>
  <method>download_file</method>
  <thread>1</thread>
  <message>200903.mbox already exists</message>
</record>
<record>
  <date>2017-07-10T11:21:25</date>
  <millis>1499665885503</millis>
  <sequence>37</sequence>
  <logger>Main.class</logger>
  <level>INFO</level>
  <class>Main</class>
  <method>download_file</method>
  <thread>1</thread>
  <message>200901.mbox already exists</message>
</record>
<record>
  <date>2017-07-10T11:21:26</date>
  <millis>1499665886089</millis>
  <sequence>38</sequence>
  <logger>Main.class</logger>
  <level>INFO</level>
  <class>Main</class>
  <method>download_file</method>
  <thread>1</thread>
  <message>200812.mbox already exists</message>
</record>
<record>
  <date>2017-07-10T11:21:26</date>
  <millis>1499665886698</millis>
  <sequence>39</sequence>
  <logger>Main.class</logger>
  <level>INFO</level>
  <class>Main</class>
  <method>download_file</method>
  <thread>1</thread>
  <message>200811.mbox already exists</message>
</record>
<record>
  <date>2017-07-10T11:21:27</date>
  <millis>1499665887320</millis>
  <sequence>40</sequence>
  <logger>Main.class</logger>
  <level>INFO</level>
  <class>Main</class>
  <method>download_file</method>
  <thread>1</thread>
  <message>200810.mbox already exists</message>
</record>
<record>
  <date>2017-07-10T11:21:27</date>
  <millis>1499665887921</millis>
  <sequence>41</sequence>
  <logger>Main.class</logger>
  <level>INFO</level>
  <class>Main</class>
  <method>download_file</method>
  <thread>1</thread>
  <message>200809.mbox already exists</message>
</record>
<record>
  <date>2017-07-10T11:21:28</date>
  <millis>1499665888543</millis>
  <sequence>42</sequence>
  <logger>Main.class</logger>
  <level>INFO</level>
  <class>Main</class>
  <method>download_file</method>
  <thread>1</thread>
  <message>200808.mbox already exists</message>
</record>
<record>
  <date>2017-07-10T11:21:29</date>
  <millis>1499665889142</millis>
  <sequence>43</sequence>
  <logger>Main.class</logger>
  <level>INFO</level>
  <class>Main</class>
  <method>download_file</method>
  <thread>1</thread>
  <message>200807.mbox already exists</message>
</record>
<record>
  <date>2017-07-10T11:21:29</date>
  <millis>1499665889728</millis>
  <sequence>44</sequence>
  <logger>Main.class</logger>
  <level>INFO</level>
  <class>Main</class>
  <method>download_file</method>
  <thread>1</thread>
  <message>200806.mbox already exists</message>
</record>
<record>
  <date>2017-07-10T11:21:30</date>
  <millis>1499665890312</millis>
  <sequence>45</sequence>
  <logger>Main.class</logger>
  <level>INFO</level>
  <class>Main</class>
  <method>download_file</method>
  <thread>1</thread>
  <message>200805.mbox already exists</message>
</record>
<record>
  <date>2017-07-10T11:21:30</date>
  <millis>1499665890915</millis>
  <sequence>46</sequence>
  <logger>Main.class</logger>
  <level>INFO</level>
  <class>Main</class>
  <method>download_file</method>
  <thread>1</thread>
  <message>200804.mbox already exists</message>
</record>
<record>
  <date>2017-07-10T11:21:31</date>
  <millis>1499665891497</millis>
  <sequence>47</sequence>
  <logger>Main.class</logger>
  <level>INFO</level>
  <class>Main</class>
  <method>download_file</method>
  <thread>1</thread>
  <message>200803.mbox already exists</message>
</record>
<record>
  <date>2017-07-10T11:21:32</date>
  <millis>1499665892087</millis>
  <sequence>48</sequence>
  <logger>Main.class</logger>
  <level>INFO</level>
  <class>Main</class>
  <method>download_file</method>
  <thread>1</thread>
  <message>200802.mbox already exists</message>
</record>
<record>
  <date>2017-07-10T11:21:32</date>
  <millis>1499665892712</millis>
  <sequence>49</sequence>
  <logger>Main.class</logger>
  <level>INFO</level>
  <class>Main</class>
  <method>download_file</method>
  <thread>1</thread>
  <message>200801.mbox already exists</message>
</record>
<record>
  <date>2017-07-10T11:21:33</date>
  <millis>1499665893304</millis>
  <sequence>50</sequence>
  <logger>Main.class</logger>
  <level>INFO</level>
  <class>Main</class>
  <method>download_file</method>
  <thread>1</thread>
  <message>200712.mbox already exists</message>
</record>
<record>
  <date>2017-07-10T11:21:33</date>
  <millis>1499665893895</millis>
  <sequence>51</sequence>
  <logger>Main.class</logger>
  <level>INFO</level>
  <class>Main</class>
  <method>download_file</method>
  <thread>1</thread>
  <message>200711.mbox already exists</message>
</record>
<record>
  <date>2017-07-10T11:21:34</date>
  <millis>1499665894480</millis>
  <sequence>52</sequence>
  <logger>Main.class</logger>
  <level>INFO</level>
  <class>Main</class>
  <method>download_file</method>
  <thread>1</thread>
  <message>200710.mbox already exists</message>
</record>
<record>
  <date>2017-07-10T11:21:35</date>
  <millis>1499665895058</millis>
  <sequence>53</sequence>
  <logger>Main.class</logger>
  <level>INFO</level>
  <class>Main</class>
  <method>download_file</method>
  <thread>1</thread>
  <message>200709.mbox already exists</message>
</record>
<record>
  <date>2017-07-10T11:21:35</date>
  <millis>1499665895644</millis>
  <sequence>54</sequence>
  <logger>Main.class</logger>
  <level>INFO</level>
  <class>Main</class>
  <method>download_file</method>
  <thread>1</thread>
  <message>200708.mbox already exists</message>
</record>
<record>
  <date>2017-07-10T11:21:36</date>
  <millis>1499665896243</millis>
  <sequence>55</sequence>
  <logger>Main.class</logger>
  <level>INFO</level>
  <class>Main</class>
  <method>download_file</method>
  <thread>1</thread>
  <message>200707.mbox already exists</message>
</record>
<record>
  <date>2017-07-10T11:21:36</date>
  <millis>1499665896855</millis>
  <sequence>56</sequence>
  <logger>Main.class</logger>
  <level>INFO</level>
  <class>Main</class>
  <method>download_file</method>
  <thread>1</thread>
  <message>200706.mbox already exists</message>
</record>
<record>
  <date>2017-07-10T11:21:37</date>
  <millis>1499665897484</millis>
  <sequence>57</sequence>
  <logger>Main.class</logger>
  <level>INFO</level>
  <class>Main</class>
  <method>download_file</method>
  <thread>1</thread>
  <message>200705.mbox already exists</message>
</record>
<record>
  <date>2017-07-10T11:21:38</date>
  <millis>1499665898096</millis>
  <sequence>58</sequence>
  <logger>Main.class</logger>
  <level>INFO</level>
  <class>Main</class>
  <method>download_file</method>
  <thread>1</thread>
  <message>200704.mbox already exists</message>
</record>
<record>
  <date>2017-07-10T11:21:38</date>
  <millis>1499665898681</millis>
  <sequence>59</sequence>
  <logger>Main.class</logger>
  <level>INFO</level>
  <class>Main</class>
  <method>download_file</method>
  <thread>1</thread>
  <message>200703.mbox already exists</message>
</record>
<record>
  <date>2017-07-10T11:21:39</date>
  <millis>1499665899277</millis>
  <sequence>60</sequence>
  <logger>Main.class</logger>
  <level>INFO</level>
  <class>Main</class>
  <method>download_file</method>
  <thread>1</thread>
  <message>200702.mbox already exists</message>
</record>
<record>
  <date>2017-07-10T11:21:39</date>
  <millis>1499665899901</millis>
  <sequence>61</sequence>
  <logger>Main.class</logger>
  <level>INFO</level>
  <class>Main</class>
  <method>download_file</method>
  <thread>1</thread>
  <message>200701.mbox already exists</message>
</record>
<record>
  <date>2017-07-10T11:21:40</date>
  <millis>1499665900504</millis>
  <sequence>62</sequence>
  <logger>Main.class</logger>
  <level>INFO</level>
  <class>Main</class>
  <method>download_file</method>
  <thread>1</thread>
  <message>200612.mbox already exists</message>
</record>
<record>
  <date>2017-07-10T11:21:41</date>
  <millis>1499665901119</millis>
  <sequence>63</sequence>
  <logger>Main.class</logger>
  <level>INFO</level>
  <class>Main</class>
  <method>download_file</method>
  <thread>1</thread>
  <message>200611.mbox already exists</message>
</record>
<record>
  <date>2017-07-10T11:21:41</date>
  <millis>1499665901763</millis>
  <sequence>64</sequence>
  <logger>Main.class</logger>
  <level>INFO</level>
  <class>Main</class>
  <method>download_file</method>
  <thread>1</thread>
  <message>200610.mbox already exists</message>
</record>
<record>
  <date>2017-07-10T11:21:42</date>
  <millis>1499665902378</millis>
  <sequence>65</sequence>
  <logger>Main.class</logger>
  <level>INFO</level>
  <class>Main</class>
  <method>download_file</method>
  <thread>1</thread>
  <message>200609.mbox already exists</message>
</record>
<record>
  <date>2017-07-10T11:21:43</date>
  <millis>1499665903369</millis>
  <sequence>66</sequence>
  <logger>Main.class</logger>
  <level>INFO</level>
  <class>Main</class>
  <method>download_file</method>
  <thread>1</thread>
  <message>200608.mbox already exists</message>
</record>
<record>
  <date>2017-07-10T11:21:43</date>
  <millis>1499665903972</millis>
  <sequence>67</sequence>
  <logger>Main.class</logger>
  <level>INFO</level>
  <class>Main</class>
  <method>download_file</method>
  <thread>1</thread>
  <message>200607.mbox already exists</message>
</record>
<record>
  <date>2017-07-10T11:21:44</date>
  <millis>1499665904561</millis>
  <sequence>68</sequence>
  <logger>Main.class</logger>
  <level>INFO</level>
  <class>Main</class>
  <method>download_file</method>
  <thread>1</thread>
  <message>200606.mbox already exists</message>
</record>
<record>
  <date>2017-07-10T11:21:44</date>
  <millis>1499665904562</millis>
  <sequence>69</sequence>
  <logger>Main.class</logger>
  <level>INFO</level>
  <class>Main</class>
  <method>main</method>
  <thread>1</thread>
  <message>all emails downloaded</message>
</record>
</log>
